Arguments: 
  /home/lavdelas/.nvm/versions/node/v18.9.0/bin/node /home/lavdelas/.yarn/releases/yarn-1.23.0-20220130.1630.cjs set version stable

PATH: 
  /home/lavdelas/perl5/bin:/home/lavdelas/.config/composer/vendor/bin:/home/lavdelas/.local/bin:/home/lavdelas/.vscode-server/bin/d045a5eda657f4d7b676dedbfa7aab8207f8a075/bin/remote-cli:/home/lavdelas/.rvm/gems/ruby-3.1.2/bin:/home/lavdelas/.rvm/gems/ruby-3.1.2@global/bin:/home/lavdelas/.rvm/rubies/ruby-3.1.2/bin:/home/lavdelas/.opam/4.13.1/bin:/home/lavdelas/.local/bin:/home/lavdelas/perl5/bin:/home/lavdelas/.nvm/versions/node/v18.9.0/bin:/home/lavdelas/.config/composer/vendor/bin:/home/lavdelas/.local/bin:/home/lavdelas/miniconda3/bin:/home/lavdelas/miniconda3/condabin:/usr/local/sbin:/usr/local/bin:/usr/sbin:/usr/bin:/sbin:/bin:/usr/games:/usr/local/games:/snap/bin:/usr/local/go/bin:/home/lavdelas/.rvm/bin:/home/lavdelas/.rvm/bin:/home/lavdelas/.rvm/bin:/home/lavdelas/.rvm/bin

Yarn version: 
  1.23.0-20220130.1630

Node version: 
  18.9.0

Platform: 
  linux x64

Trace: 
  Error: Release not found: stable
      at /home/lavdelas/.yarn/releases/yarn-1.23.0-20220130.1630.cjs:98328:17
      at Generator.next (<anonymous>)
      at step (/home/lavdelas/.yarn/releases/yarn-1.23.0-20220130.1630.cjs:310:30)
      at /home/lavdelas/.yarn/releases/yarn-1.23.0-20220130.1630.cjs:321:13
      at process.processTicksAndRejections (node:internal/process/task_queues:95:5)

npm manifest: 
  No manifest

yarn manifest: 
  No manifest

Lockfile: 
  No lockfile
